{"C:\\Users\\MarcusMiguel\\Documents\\Projeto_Boleto_Bancario\\src\\app.js": {"path":"C:\\Users\\MarcusMiguel\\Documents\\Projeto_Boleto_Bancario\\src\\app.js","statementMap":{"0":{"start":{"line":1,"column":16},"end":{"line":1,"column":34}},"1":{"start":{"line":5,"column":8},"end":{"line":5,"column":33}},"2":{"start":{"line":7,"column":8},"end":{"line":7,"column":27}},"3":{"start":{"line":8,"column":8},"end":{"line":8,"column":22}},"4":{"start":{"line":12,"column":8},"end":{"line":12,"column":41}},"5":{"start":{"line":16,"column":8},"end":{"line":16,"column":46}},"6":{"start":{"line":20,"column":0},"end":{"line":20,"column":48}}},"fnMap":{"0":{"name":"(anonymous_0)","decl":{"start":{"line":4,"column":4},"end":{"line":4,"column":5}},"loc":{"start":{"line":4,"column":18},"end":{"line":9,"column":5}},"line":4},"1":{"name":"(anonymous_1)","decl":{"start":{"line":11,"column":4},"end":{"line":11,"column":5}},"loc":{"start":{"line":11,"column":18},"end":{"line":13,"column":5}},"line":11},"2":{"name":"(anonymous_2)","decl":{"start":{"line":15,"column":4},"end":{"line":15,"column":5}},"loc":{"start":{"line":15,"column":12},"end":{"line":17,"column":5}},"line":15}},"branchMap":{},"s":{"0":1,"1":1,"2":1,"3":1,"4":1,"5":1,"6":1},"f":{"0":1,"1":1,"2":1},"b":{},"_coverageSchema":"1a1c01bbd47fc00a2c39e90264f33305004495a9","hash":"bb917695c3d6b659ef988196fbd6a9146d8d5659"}
,"C:\\Users\\MarcusMiguel\\Documents\\Projeto_Boleto_Bancario\\src\\index.js": {"path":"C:\\Users\\MarcusMiguel\\Documents\\Projeto_Boleto_Bancario\\src\\index.js","statementMap":{"0":{"start":{"line":1,"column":12},"end":{"line":1,"column":28}},"1":{"start":{"line":2,"column":15},"end":{"line":2,"column":26}},"2":{"start":{"line":4,"column":0},"end":{"line":4,"column":21}},"3":{"start":{"line":6,"column":0},"end":{"line":8,"column":3}},"4":{"start":{"line":7,"column":4},"end":{"line":7,"column":41}}},"fnMap":{"0":{"name":"(anonymous_0)","decl":{"start":{"line":6,"column":17},"end":{"line":6,"column":18}},"loc":{"start":{"line":6,"column":23},"end":{"line":8,"column":1}},"line":6}},"branchMap":{},"s":{"0":0,"1":0,"2":0,"3":0,"4":0},"f":{"0":0},"b":{}}
,"C:\\Users\\MarcusMiguel\\Documents\\Projeto_Boleto_Bancario\\src\\routes.js": {"path":"C:\\Users\\MarcusMiguel\\Documents\\Projeto_Boleto_Bancario\\src\\routes.js","statementMap":{"0":{"start":{"line":1,"column":15},"end":{"line":1,"column":42}},"1":{"start":{"line":2,"column":22},"end":{"line":2,"column":62}},"2":{"start":{"line":4,"column":0},"end":{"line":4,"column":60}},"3":{"start":{"line":6,"column":0},"end":{"line":6,"column":24}}},"fnMap":{},"branchMap":{},"s":{"0":1,"1":1,"2":1,"3":1},"f":{},"b":{},"_coverageSchema":"1a1c01bbd47fc00a2c39e90264f33305004495a9","hash":"fbd1f431d75f85ba9280368319f3ca9e6eb0e55b"}
,"C:\\Users\\MarcusMiguel\\Documents\\Projeto_Boleto_Bancario\\src\\Authenticator\\barCodeAuthenticator.js": {"path":"C:\\Users\\MarcusMiguel\\Documents\\Projeto_Boleto_Bancario\\src\\Authenticator\\barCodeAuthenticator.js","statementMap":{"0":{"start":{"line":1,"column":0},"end":{"line":19,"column":1}},"1":{"start":{"line":4,"column":8},"end":{"line":7,"column":59}},"2":{"start":{"line":7,"column":16},"end":{"line":7,"column":59}},"3":{"start":{"line":10,"column":8},"end":{"line":11,"column":66}},"4":{"start":{"line":11,"column":12},"end":{"line":11,"column":66}},"5":{"start":{"line":14,"column":8},"end":{"line":15,"column":46}},"6":{"start":{"line":15,"column":12},"end":{"line":15,"column":46}},"7":{"start":{"line":17,"column":8},"end":{"line":17,"column":17}}},"fnMap":{"0":{"name":"(anonymous_0)","decl":{"start":{"line":2,"column":19},"end":{"line":2,"column":20}},"loc":{"start":{"line":2,"column":30},"end":{"line":18,"column":5}},"line":2}},"branchMap":{"0":{"loc":{"start":{"line":4,"column":8},"end":{"line":7,"column":59}},"type":"if","locations":[{"start":{"line":4,"column":8},"end":{"line":7,"column":59}},{"start":{},"end":{}}],"line":4},"1":{"loc":{"start":{"line":4,"column":11},"end":{"line":6,"column":67}},"type":"binary-expr","locations":[{"start":{"line":4,"column":12},"end":{"line":4,"column":31}},{"start":{"line":4,"column":35},"end":{"line":4,"column":54}},{"start":{"line":5,"column":12},"end":{"line":5,"column":32}},{"start":{"line":5,"column":36},"end":{"line":5,"column":67}},{"start":{"line":6,"column":12},"end":{"line":6,"column":31}},{"start":{"line":6,"column":35},"end":{"line":6,"column":66}}],"line":4},"2":{"loc":{"start":{"line":10,"column":8},"end":{"line":11,"column":66}},"type":"if","locations":[{"start":{"line":10,"column":8},"end":{"line":11,"column":66}},{"start":{},"end":{}}],"line":10},"3":{"loc":{"start":{"line":14,"column":8},"end":{"line":15,"column":46}},"type":"if","locations":[{"start":{"line":14,"column":8},"end":{"line":15,"column":46}},{"start":{},"end":{}}],"line":14},"4":{"loc":{"start":{"line":14,"column":11},"end":{"line":14,"column":67}},"type":"binary-expr","locations":[{"start":{"line":14,"column":11},"end":{"line":14,"column":32}},{"start":{"line":14,"column":36},"end":{"line":14,"column":67}}],"line":14}},"s":{"0":1,"1":24,"2":6,"3":18,"4":6,"5":12,"6":3,"7":9},"f":{"0":24},"b":{"0":[6,18],"1":[24,21,18,8,18,0],"2":[6,12],"3":[3,9],"4":[12,7]},"_coverageSchema":"1a1c01bbd47fc00a2c39e90264f33305004495a9","hash":"4fa5be28728d5680a0a2cd6f00ffe29ba339be55"}
,"C:\\Users\\MarcusMiguel\\Documents\\Projeto_Boleto_Bancario\\src\\Authenticator\\titleBarCodeAuthenticator.js": {"path":"C:\\Users\\MarcusMiguel\\Documents\\Projeto_Boleto_Bancario\\src\\Authenticator\\titleBarCodeAuthenticator.js","statementMap":{"0":{"start":{"line":1,"column":0},"end":{"line":65,"column":1}},"1":{"start":{"line":4,"column":23},"end":{"line":4,"column":50}},"2":{"start":{"line":5,"column":26},"end":{"line":10,"column":13}},"3":{"start":{"line":6,"column":26},"end":{"line":6,"column":47}},"4":{"start":{"line":7,"column":23},"end":{"line":7,"column":47}},"5":{"start":{"line":8,"column":12},"end":{"line":8,"column":75}},"6":{"start":{"line":9,"column":12},"end":{"line":9,"column":30}},"7":{"start":{"line":12,"column":8},"end":{"line":12,"column":69}},"8":{"start":{"line":16,"column":24},"end":{"line":16,"column":47}},"9":{"start":{"line":17,"column":24},"end":{"line":17,"column":60}},"10":{"start":{"line":18,"column":27},"end":{"line":18,"column":44}},"11":{"start":{"line":20,"column":23},"end":{"line":20,"column":53}},"12":{"start":{"line":22,"column":28},"end":{"line":22,"column":29}},"13":{"start":{"line":23,"column":26},"end":{"line":27,"column":13}},"14":{"start":{"line":24,"column":25},"end":{"line":24,"column":56}},"15":{"start":{"line":25,"column":12},"end":{"line":25,"column":72}},"16":{"start":{"line":26,"column":12},"end":{"line":26,"column":30}},"17":{"start":{"line":29,"column":29},"end":{"line":29,"column":43}},"18":{"start":{"line":30,"column":17},"end":{"line":30,"column":34}},"19":{"start":{"line":32,"column":8},"end":{"line":33,"column":23}},"20":{"start":{"line":33,"column":16},"end":{"line":33,"column":23}},"21":{"start":{"line":35,"column":8},"end":{"line":35,"column":33}},"22":{"start":{"line":39,"column":24},"end":{"line":39,"column":47}},"23":{"start":{"line":40,"column":24},"end":{"line":40,"column":60}},"24":{"start":{"line":41,"column":27},"end":{"line":41,"column":44}},"25":{"start":{"line":43,"column":23},"end":{"line":43,"column":53}},"26":{"start":{"line":45,"column":28},"end":{"line":45,"column":29}},"27":{"start":{"line":46,"column":26},"end":{"line":50,"column":13}},"28":{"start":{"line":47,"column":25},"end":{"line":47,"column":56}},"29":{"start":{"line":48,"column":12},"end":{"line":48,"column":72}},"30":{"start":{"line":49,"column":12},"end":{"line":49,"column":30}},"31":{"start":{"line":52,"column":29},"end":{"line":52,"column":43}},"32":{"start":{"line":55,"column":8},"end":{"line":61,"column":9}},"33":{"start":{"line":56,"column":12},"end":{"line":56,"column":19}},"34":{"start":{"line":57,"column":15},"end":{"line":61,"column":9}},"35":{"start":{"line":58,"column":12},"end":{"line":58,"column":18}},"36":{"start":{"line":60,"column":12},"end":{"line":60,"column":30}},"37":{"start":{"line":63,"column":8},"end":{"line":63,"column":49}}},"fnMap":{"0":{"name":"(anonymous_0)","decl":{"start":{"line":2,"column":21},"end":{"line":2,"column":22}},"loc":{"start":{"line":2,"column":38},"end":{"line":13,"column":5}},"line":2},"1":{"name":"(anonymous_1)","decl":{"start":{"line":5,"column":40},"end":{"line":5,"column":41}},"loc":{"start":{"line":5,"column":65},"end":{"line":10,"column":9}},"line":5},"2":{"name":"(anonymous_2)","decl":{"start":{"line":14,"column":24},"end":{"line":14,"column":25}},"loc":{"start":{"line":14,"column":41},"end":{"line":36,"column":5}},"line":14},"3":{"name":"(anonymous_3)","decl":{"start":{"line":23,"column":40},"end":{"line":23,"column":41}},"loc":{"start":{"line":23,"column":58},"end":{"line":27,"column":9}},"line":23},"4":{"name":"(anonymous_4)","decl":{"start":{"line":37,"column":16},"end":{"line":37,"column":17}},"loc":{"start":{"line":37,"column":29},"end":{"line":64,"column":5}},"line":37},"5":{"name":"(anonymous_5)","decl":{"start":{"line":46,"column":40},"end":{"line":46,"column":41}},"loc":{"start":{"line":46,"column":58},"end":{"line":50,"column":9}},"line":46}},"branchMap":{"0":{"loc":{"start":{"line":8,"column":20},"end":{"line":8,"column":73}},"type":"cond-expr","locations":[{"start":{"line":8,"column":31},"end":{"line":8,"column":66}},{"start":{"line":8,"column":69},"end":{"line":8,"column":73}}],"line":8},"1":{"loc":{"start":{"line":25,"column":28},"end":{"line":25,"column":71}},"type":"cond-expr","locations":[{"start":{"line":25,"column":50},"end":{"line":25,"column":51}},{"start":{"line":25,"column":54},"end":{"line":25,"column":71}}],"line":25},"2":{"loc":{"start":{"line":32,"column":8},"end":{"line":33,"column":23}},"type":"if","locations":[{"start":{"line":32,"column":8},"end":{"line":33,"column":23}},{"start":{},"end":{}}],"line":32},"3":{"loc":{"start":{"line":32,"column":12},"end":{"line":32,"column":46}},"type":"binary-expr","locations":[{"start":{"line":32,"column":12},"end":{"line":32,"column":20}},{"start":{"line":32,"column":24},"end":{"line":32,"column":33}},{"start":{"line":32,"column":37},"end":{"line":32,"column":46}}],"line":32},"4":{"loc":{"start":{"line":48,"column":28},"end":{"line":48,"column":71}},"type":"cond-expr","locations":[{"start":{"line":48,"column":50},"end":{"line":48,"column":51}},{"start":{"line":48,"column":54},"end":{"line":48,"column":71}}],"line":48},"5":{"loc":{"start":{"line":55,"column":8},"end":{"line":61,"column":9}},"type":"if","locations":[{"start":{"line":55,"column":8},"end":{"line":61,"column":9}},{"start":{"line":57,"column":15},"end":{"line":61,"column":9}}],"line":55},"6":{"loc":{"start":{"line":55,"column":12},"end":{"line":55,"column":52}},"type":"binary-expr","locations":[{"start":{"line":55,"column":12},"end":{"line":55,"column":30}},{"start":{"line":55,"column":34},"end":{"line":55,"column":52}}],"line":55},"7":{"loc":{"start":{"line":57,"column":15},"end":{"line":61,"column":9}},"type":"if","locations":[{"start":{"line":57,"column":15},"end":{"line":61,"column":9}},{"start":{"line":59,"column":15},"end":{"line":61,"column":9}}],"line":57}},"s":{"0":1,"1":49,"2":49,"3":515,"4":515,"5":515,"6":515,"7":49,"8":5,"9":5,"10":5,"11":5,"12":5,"13":5,"14":215,"15":215,"16":215,"17":5,"18":5,"19":5,"20":0,"21":5,"22":6,"23":6,"24":6,"25":6,"26":6,"27":6,"28":258,"29":258,"30":258,"31":6,"32":6,"33":2,"34":4,"35":0,"36":4,"37":6},"f":{"0":49,"1":515,"2":5,"3":215,"4":6,"5":258},"b":{"0":[75,440],"1":[25,190],"2":[0,5],"3":[5,5,5],"4":[30,228],"5":[2,4],"6":[6,6],"7":[0,4]},"_coverageSchema":"1a1c01bbd47fc00a2c39e90264f33305004495a9","hash":"13e86e9bf080099ebea796eb966a41772f0a117d"}
,"C:\\Users\\MarcusMiguel\\Documents\\Projeto_Boleto_Bancario\\src\\controller\\ticketController.js": {"path":"C:\\Users\\MarcusMiguel\\Documents\\Projeto_Boleto_Bancario\\src\\controller\\ticketController.js","statementMap":{"0":{"start":{"line":1,"column":18},"end":{"line":1,"column":58}},"1":{"start":{"line":2,"column":23},"end":{"line":2,"column":68}},"2":{"start":{"line":3,"column":13},"end":{"line":3,"column":61}},"3":{"start":{"line":5,"column":0},"end":{"line":39,"column":1}},"4":{"start":{"line":8,"column":24},"end":{"line":8,"column":39}},"5":{"start":{"line":11,"column":30},"end":{"line":13,"column":58}},"6":{"start":{"line":15,"column":20},"end":{"line":15,"column":22}},"7":{"start":{"line":20,"column":8},"end":{"line":37,"column":9}},"8":{"start":{"line":22,"column":12},"end":{"line":24,"column":72}},"9":{"start":{"line":30,"column":12},"end":{"line":34,"column":13}},"10":{"start":{"line":31,"column":16},"end":{"line":31,"column":58}},"11":{"start":{"line":33,"column":16},"end":{"line":33,"column":117}},"12":{"start":{"line":36,"column":12},"end":{"line":36,"column":40}}},"fnMap":{"0":{"name":"(anonymous_0)","decl":{"start":{"line":6,"column":22},"end":{"line":6,"column":23}},"loc":{"start":{"line":6,"column":42},"end":{"line":38,"column":5}},"line":6}},"branchMap":{"0":{"loc":{"start":{"line":11,"column":30},"end":{"line":13,"column":58}},"type":"cond-expr","locations":[{"start":{"line":12,"column":24},"end":{"line":12,"column":53}},{"start":{"line":13,"column":24},"end":{"line":13,"column":58}}],"line":11},"1":{"loc":{"start":{"line":20,"column":8},"end":{"line":37,"column":9}},"type":"if","locations":[{"start":{"line":20,"column":8},"end":{"line":37,"column":9}},{"start":{"line":26,"column":15},"end":{"line":37,"column":9}}],"line":20},"2":{"loc":{"start":{"line":20,"column":11},"end":{"line":20,"column":68}},"type":"binary-expr","locations":[{"start":{"line":20,"column":11},"end":{"line":20,"column":44}},{"start":{"line":20,"column":48},"end":{"line":20,"column":68}}],"line":20},"3":{"loc":{"start":{"line":22,"column":12},"end":{"line":24,"column":71}},"type":"cond-expr","locations":[{"start":{"line":23,"column":16},"end":{"line":23,"column":66}},{"start":{"line":24,"column":16},"end":{"line":24,"column":71}}],"line":22},"4":{"loc":{"start":{"line":30,"column":12},"end":{"line":34,"column":13}},"type":"if","locations":[{"start":{"line":30,"column":12},"end":{"line":34,"column":13}},{"start":{"line":32,"column":19},"end":{"line":34,"column":13}}],"line":30}},"s":{"0":1,"1":1,"2":1,"3":1,"4":12,"5":12,"6":12,"7":12,"8":5,"9":7,"10":5,"11":2,"12":7},"f":{"0":12},"b":{"0":[5,7],"1":[5,7],"2":[12,7],"3":[2,3],"4":[5,2]},"_coverageSchema":"1a1c01bbd47fc00a2c39e90264f33305004495a9","hash":"96ccd8cc7de86f36d9d1ac69b4dc8c1a06a14a69"}
,"C:\\Users\\MarcusMiguel\\Documents\\Projeto_Boleto_Bancario\\src\\service\\dealershipTicketService.js": {"path":"C:\\Users\\MarcusMiguel\\Documents\\Projeto_Boleto_Bancario\\src\\service\\dealershipTicketService.js","statementMap":{"0":{"start":{"line":1,"column":13},"end":{"line":1,"column":66}},"1":{"start":{"line":3,"column":19},"end":{"line":28,"column":1}},"2":{"start":{"line":5,"column":21},"end":{"line":5,"column":45}},"3":{"start":{"line":6,"column":23},"end":{"line":6,"column":56}},"4":{"start":{"line":8,"column":21},"end":{"line":8,"column":46}},"5":{"start":{"line":9,"column":23},"end":{"line":9,"column":56}},"6":{"start":{"line":11,"column":23},"end":{"line":11,"column":48}},"7":{"start":{"line":12,"column":25},"end":{"line":12,"column":58}},"8":{"start":{"line":14,"column":22},"end":{"line":14,"column":47}},"9":{"start":{"line":15,"column":24},"end":{"line":15,"column":57}},"10":{"start":{"line":17,"column":4},"end":{"line":21,"column":26}},"11":{"start":{"line":21,"column":16},"end":{"line":21,"column":26}},"12":{"start":{"line":24,"column":17},"end":{"line":24,"column":61}},"13":{"start":{"line":25,"column":23},"end":{"line":25,"column":44}},"14":{"start":{"line":27,"column":4},"end":{"line":27,"column":21}},"15":{"start":{"line":31,"column":18},"end":{"line":38,"column":1}},"16":{"start":{"line":32,"column":17},"end":{"line":32,"column":53}},"17":{"start":{"line":33,"column":21},"end":{"line":33,"column":46}},"18":{"start":{"line":35,"column":24},"end":{"line":35,"column":56}},"19":{"start":{"line":37,"column":4},"end":{"line":37,"column":23}},"20":{"start":{"line":41,"column":16},"end":{"line":53,"column":1}},"21":{"start":{"line":43,"column":20},"end":{"line":43,"column":30}},"22":{"start":{"line":44,"column":24},"end":{"line":44,"column":45}},"23":{"start":{"line":46,"column":17},"end":{"line":46,"column":50}},"24":{"start":{"line":47,"column":4},"end":{"line":47,"column":46}},"25":{"start":{"line":47,"column":33},"end":{"line":47,"column":46}},"26":{"start":{"line":49,"column":18},"end":{"line":49,"column":43}},"27":{"start":{"line":50,"column":16},"end":{"line":50,"column":41}},"28":{"start":{"line":52,"column":4},"end":{"line":52,"column":70}},"29":{"start":{"line":56,"column":18},"end":{"line":75,"column":1}},"30":{"start":{"line":58,"column":17},"end":{"line":58,"column":19}},"31":{"start":{"line":60,"column":23},"end":{"line":60,"column":42}},"32":{"start":{"line":61,"column":19},"end":{"line":61,"column":40}},"33":{"start":{"line":62,"column":27},"end":{"line":62,"column":46}},"34":{"start":{"line":65,"column":4},"end":{"line":72,"column":5}},"35":{"start":{"line":66,"column":8},"end":{"line":66,"column":36}},"36":{"start":{"line":67,"column":8},"end":{"line":67,"column":31}},"37":{"start":{"line":68,"column":8},"end":{"line":68,"column":47}},"38":{"start":{"line":70,"column":8},"end":{"line":70,"column":36}},"39":{"start":{"line":71,"column":8},"end":{"line":71,"column":31}},"40":{"start":{"line":74,"column":4},"end":{"line":74,"column":18}},"41":{"start":{"line":77,"column":0},"end":{"line":80,"column":2}}},"fnMap":{"0":{"name":"(anonymous_0)","decl":{"start":{"line":3,"column":19},"end":{"line":3,"column":20}},"loc":{"start":{"line":3,"column":30},"end":{"line":28,"column":1}},"line":3},"1":{"name":"(anonymous_1)","decl":{"start":{"line":31,"column":18},"end":{"line":31,"column":19}},"loc":{"start":{"line":31,"column":29},"end":{"line":38,"column":1}},"line":31},"2":{"name":"(anonymous_2)","decl":{"start":{"line":41,"column":16},"end":{"line":41,"column":17}},"loc":{"start":{"line":41,"column":27},"end":{"line":53,"column":1}},"line":41},"3":{"name":"(anonymous_3)","decl":{"start":{"line":56,"column":18},"end":{"line":56,"column":19}},"loc":{"start":{"line":56,"column":29},"end":{"line":75,"column":1}},"line":56}},"branchMap":{"0":{"loc":{"start":{"line":17,"column":4},"end":{"line":21,"column":26}},"type":"if","locations":[{"start":{"line":17,"column":4},"end":{"line":21,"column":26}},{"start":{},"end":{}}],"line":17},"1":{"loc":{"start":{"line":17,"column":8},"end":{"line":20,"column":53}},"type":"binary-expr","locations":[{"start":{"line":17,"column":8},"end":{"line":17,"column":51}},{"start":{"line":18,"column":8},"end":{"line":18,"column":51}},{"start":{"line":19,"column":8},"end":{"line":19,"column":55}},{"start":{"line":20,"column":8},"end":{"line":20,"column":53}}],"line":17},"2":{"loc":{"start":{"line":47,"column":4},"end":{"line":47,"column":46}},"type":"if","locations":[{"start":{"line":47,"column":4},"end":{"line":47,"column":46}},{"start":{},"end":{}}],"line":47},"3":{"loc":{"start":{"line":65,"column":4},"end":{"line":72,"column":5}},"type":"if","locations":[{"start":{"line":65,"column":4},"end":{"line":72,"column":5}},{"start":{"line":69,"column":11},"end":{"line":72,"column":5}}],"line":65}},"s":{"0":1,"1":1,"2":10,"3":10,"4":10,"5":10,"6":10,"7":10,"8":10,"9":10,"10":10,"11":4,"12":6,"13":6,"14":6,"15":1,"16":3,"17":3,"18":3,"19":3,"20":1,"21":3,"22":3,"23":3,"24":3,"25":2,"26":1,"27":1,"28":1,"29":1,"30":3,"31":3,"32":3,"33":3,"34":3,"35":1,"36":1,"37":1,"38":2,"39":2,"40":3,"41":1},"f":{"0":10,"1":3,"2":3,"3":3},"b":{"0":[4,6],"1":[10,8,7,7],"2":[2,1],"3":[1,2]},"_coverageSchema":"1a1c01bbd47fc00a2c39e90264f33305004495a9","hash":"ee686f7c81b4d772d6d31cb2d7570ed5e8219daa"}
,"C:\\Users\\MarcusMiguel\\Documents\\Projeto_Boleto_Bancario\\src\\service\\titleTicketService.js": {"path":"C:\\Users\\MarcusMiguel\\Documents\\Projeto_Boleto_Bancario\\src\\service\\titleTicketService.js","statementMap":{"0":{"start":{"line":1,"column":14},"end":{"line":1,"column":35}},"1":{"start":{"line":2,"column":13},"end":{"line":2,"column":66}},"2":{"start":{"line":4,"column":19},"end":{"line":35,"column":1}},"3":{"start":{"line":6,"column":21},"end":{"line":6,"column":44}},"4":{"start":{"line":7,"column":23},"end":{"line":7,"column":55}},"5":{"start":{"line":9,"column":21},"end":{"line":9,"column":46}},"6":{"start":{"line":10,"column":23},"end":{"line":10,"column":56}},"7":{"start":{"line":12,"column":23},"end":{"line":12,"column":48}},"8":{"start":{"line":13,"column":25},"end":{"line":13,"column":58}},"9":{"start":{"line":15,"column":4},"end":{"line":18,"column":26}},"10":{"start":{"line":18,"column":16},"end":{"line":18,"column":26}},"11":{"start":{"line":21,"column":17},"end":{"line":21,"column":39}},"12":{"start":{"line":22,"column":15},"end":{"line":22,"column":39}},"13":{"start":{"line":23,"column":20},"end":{"line":23,"column":44}},"14":{"start":{"line":24,"column":18},"end":{"line":24,"column":72}},"15":{"start":{"line":25,"column":25},"end":{"line":25,"column":48}},"16":{"start":{"line":26,"column":25},"end":{"line":26,"column":50}},"17":{"start":{"line":27,"column":27},"end":{"line":27,"column":52}},"18":{"start":{"line":29,"column":23},"end":{"line":29,"column":97}},"19":{"start":{"line":31,"column":4},"end":{"line":32,"column":18}},"20":{"start":{"line":32,"column":8},"end":{"line":32,"column":18}},"21":{"start":{"line":34,"column":4},"end":{"line":34,"column":21}},"22":{"start":{"line":38,"column":18},"end":{"line":44,"column":1}},"23":{"start":{"line":39,"column":17},"end":{"line":39,"column":87}},"24":{"start":{"line":40,"column":21},"end":{"line":40,"column":74}},"25":{"start":{"line":41,"column":24},"end":{"line":41,"column":56}},"26":{"start":{"line":43,"column":4},"end":{"line":43,"column":23}},"27":{"start":{"line":47,"column":16},"end":{"line":53,"column":1}},"28":{"start":{"line":48,"column":17},"end":{"line":48,"column":86}},"29":{"start":{"line":49,"column":27},"end":{"line":49,"column":62}},"30":{"start":{"line":50,"column":4},"end":{"line":50,"column":60}},"31":{"start":{"line":52,"column":4},"end":{"line":52,"column":60}},"32":{"start":{"line":56,"column":18},"end":{"line":65,"column":1}},"33":{"start":{"line":58,"column":17},"end":{"line":58,"column":19}},"34":{"start":{"line":60,"column":4},"end":{"line":60,"column":41}},"35":{"start":{"line":61,"column":4},"end":{"line":61,"column":39}},"36":{"start":{"line":62,"column":4},"end":{"line":62,"column":45}},"37":{"start":{"line":64,"column":4},"end":{"line":64,"column":18}},"38":{"start":{"line":67,"column":0},"end":{"line":70,"column":2}}},"fnMap":{"0":{"name":"(anonymous_0)","decl":{"start":{"line":4,"column":19},"end":{"line":4,"column":20}},"loc":{"start":{"line":4,"column":30},"end":{"line":35,"column":1}},"line":4},"1":{"name":"(anonymous_1)","decl":{"start":{"line":38,"column":18},"end":{"line":38,"column":19}},"loc":{"start":{"line":38,"column":29},"end":{"line":44,"column":1}},"line":38},"2":{"name":"(anonymous_2)","decl":{"start":{"line":47,"column":16},"end":{"line":47,"column":17}},"loc":{"start":{"line":47,"column":27},"end":{"line":53,"column":1}},"line":47},"3":{"name":"(anonymous_3)","decl":{"start":{"line":56,"column":18},"end":{"line":56,"column":19}},"loc":{"start":{"line":56,"column":29},"end":{"line":65,"column":1}},"line":56}},"branchMap":{"0":{"loc":{"start":{"line":15,"column":4},"end":{"line":18,"column":26}},"type":"if","locations":[{"start":{"line":15,"column":4},"end":{"line":18,"column":26}},{"start":{},"end":{}}],"line":15},"1":{"loc":{"start":{"line":15,"column":8},"end":{"line":17,"column":55}},"type":"binary-expr","locations":[{"start":{"line":15,"column":8},"end":{"line":15,"column":51}},{"start":{"line":16,"column":8},"end":{"line":16,"column":51}},{"start":{"line":17,"column":8},"end":{"line":17,"column":55}}],"line":15},"2":{"loc":{"start":{"line":31,"column":4},"end":{"line":32,"column":18}},"type":"if","locations":[{"start":{"line":31,"column":4},"end":{"line":32,"column":18}},{"start":{},"end":{}}],"line":31}},"s":{"0":1,"1":1,"2":1,"3":7,"4":7,"5":7,"6":7,"7":7,"8":7,"9":7,"10":2,"11":5,"12":5,"13":5,"14":5,"15":5,"16":5,"17":5,"18":5,"19":5,"20":1,"21":4,"22":1,"23":2,"24":2,"25":2,"26":2,"27":1,"28":2,"29":2,"30":2,"31":2,"32":1,"33":2,"34":2,"35":2,"36":2,"37":2,"38":1},"f":{"0":7,"1":2,"2":2,"3":2},"b":{"0":[2,5],"1":[7,5,5],"2":[1,4]},"_coverageSchema":"1a1c01bbd47fc00a2c39e90264f33305004495a9","hash":"e2c8cc73b3699a8ceb3be2a156fb752e10935cd4"}
}
