TN:
SF:src\app.js
FN:4,(anonymous_0)
FN:11,(anonymous_1)
FN:15,(anonymous_2)
FNF:3
FNH:3
FNDA:1,(anonymous_0)
FNDA:1,(anonymous_1)
FNDA:1,(anonymous_2)
DA:1,1
DA:5,1
DA:7,1
DA:8,1
DA:12,1
DA:16,1
DA:20,1
LF:7
LH:7
BRF:0
BRH:0
end_of_record
TN:
SF:src\index.js
FN:6,(anonymous_0)
FNF:1
FNH:0
FNDA:0,(anonymous_0)
DA:1,0
DA:2,0
DA:4,0
DA:6,0
DA:7,0
LF:5
LH:0
BRF:0
BRH:0
end_of_record
TN:
SF:src\routes.js
FNF:0
FNH:0
DA:1,1
DA:2,1
DA:4,1
DA:6,1
LF:4
LH:4
BRF:0
BRH:0
end_of_record
TN:
SF:src\Authenticator\barCodeAuthenticator.js
FN:2,(anonymous_0)
FNF:1
FNH:1
FNDA:26,(anonymous_0)
DA:1,1
DA:4,26
DA:7,6
DA:10,20
DA:11,6
DA:14,14
DA:15,3
DA:17,11
LF:8
LH:8
BRDA:4,0,0,6
BRDA:4,0,1,20
BRDA:4,1,0,26
BRDA:4,1,1,23
BRDA:4,1,2,20
BRDA:4,1,3,9
BRDA:4,1,4,20
BRDA:4,1,5,0
BRDA:10,2,0,6
BRDA:10,2,1,14
BRDA:14,3,0,3
BRDA:14,3,1,11
BRDA:14,4,0,14
BRDA:14,4,1,8
BRF:14
BRH:13
end_of_record
TN:
SF:src\Authenticator\titleBarCodeAuthenticator.js
FN:2,(anonymous_0)
FN:5,(anonymous_1)
FN:14,(anonymous_2)
FN:23,(anonymous_3)
FN:37,(anonymous_4)
FN:46,(anonymous_5)
FNF:6
FNH:6
FNDA:63,(anonymous_0)
FNDA:661,(anonymous_1)
FNDA:7,(anonymous_2)
FNDA:301,(anonymous_3)
FNDA:8,(anonymous_4)
FNDA:344,(anonymous_5)
DA:1,1
DA:4,63
DA:5,63
DA:6,661
DA:7,661
DA:8,661
DA:9,661
DA:12,63
DA:16,7
DA:17,7
DA:18,7
DA:20,7
DA:22,7
DA:23,7
DA:24,301
DA:25,301
DA:26,301
DA:29,7
DA:30,7
DA:32,7
DA:33,2
DA:35,7
DA:39,8
DA:40,8
DA:41,8
DA:43,8
DA:45,8
DA:46,8
DA:47,344
DA:48,344
DA:49,344
DA:52,8
DA:55,8
DA:56,2
DA:57,6
DA:58,2
DA:60,4
DA:63,8
LF:38
LH:38
BRDA:8,0,0,99
BRDA:8,0,1,562
BRDA:25,1,0,35
BRDA:25,1,1,266
BRDA:32,2,0,2
BRDA:32,2,1,5
BRDA:32,3,0,7
BRDA:32,3,1,7
BRDA:32,3,2,7
BRDA:48,4,0,40
BRDA:48,4,1,304
BRDA:55,5,0,2
BRDA:55,5,1,6
BRDA:55,6,0,8
BRDA:55,6,1,8
BRDA:57,7,0,2
BRDA:57,7,1,4
BRF:17
BRH:17
end_of_record
TN:
SF:src\controller\ticketController.js
FN:6,(anonymous_0)
FNF:1
FNH:1
FNDA:14,(anonymous_0)
DA:1,1
DA:2,1
DA:3,1
DA:5,1
DA:8,14
DA:11,14
DA:15,14
DA:20,14
DA:22,7
DA:30,7
DA:31,5
DA:33,2
DA:36,7
LF:13
LH:13
BRDA:11,0,0,6
BRDA:11,0,1,8
BRDA:20,1,0,7
BRDA:20,1,1,7
BRDA:20,2,0,14
BRDA:20,2,1,9
BRDA:22,3,0,3
BRDA:22,3,1,4
BRDA:30,4,0,5
BRDA:30,4,1,2
BRF:10
BRH:10
end_of_record
TN:
SF:src\service\dealershipTicketService.js
FN:3,(anonymous_0)
FN:31,(anonymous_1)
FN:41,(anonymous_2)
FN:56,(anonymous_3)
FNF:4
FNH:4
FNDA:12,(anonymous_0)
FNDA:4,(anonymous_1)
FNDA:4,(anonymous_2)
FNDA:4,(anonymous_3)
DA:1,1
DA:3,1
DA:5,12
DA:6,12
DA:8,12
DA:9,12
DA:11,12
DA:12,12
DA:14,12
DA:15,12
DA:17,12
DA:21,4
DA:24,8
DA:25,8
DA:27,8
DA:31,1
DA:32,4
DA:33,4
DA:35,4
DA:37,4
DA:41,1
DA:43,4
DA:44,4
DA:46,4
DA:47,4
DA:49,1
DA:50,1
DA:52,1
DA:56,1
DA:58,4
DA:60,4
DA:61,4
DA:62,4
DA:65,4
DA:66,1
DA:67,1
DA:68,1
DA:70,3
DA:71,3
DA:74,4
DA:77,1
LF:41
LH:41
BRDA:17,0,0,4
BRDA:17,0,1,8
BRDA:17,1,0,12
BRDA:17,1,1,10
BRDA:17,1,2,9
BRDA:17,1,3,9
BRDA:47,2,0,3
BRDA:47,2,1,1
BRDA:65,3,0,1
BRDA:65,3,1,3
BRF:10
BRH:10
end_of_record
TN:
SF:src\service\titleTicketService.js
FN:4,(anonymous_0)
FN:38,(anonymous_1)
FN:47,(anonymous_2)
FN:56,(anonymous_3)
FNF:4
FNH:4
FNDA:9,(anonymous_0)
FNDA:3,(anonymous_1)
FNDA:3,(anonymous_2)
FNDA:3,(anonymous_3)
DA:1,1
DA:2,1
DA:4,1
DA:6,9
DA:7,9
DA:9,9
DA:10,9
DA:12,9
DA:13,9
DA:15,9
DA:18,2
DA:21,7
DA:22,7
DA:23,7
DA:24,7
DA:25,7
DA:26,7
DA:27,7
DA:29,7
DA:31,7
DA:32,1
DA:34,6
DA:38,1
DA:39,3
DA:40,3
DA:41,3
DA:43,3
DA:47,1
DA:48,3
DA:49,3
DA:50,3
DA:52,3
DA:56,1
DA:58,3
DA:60,3
DA:61,3
DA:62,3
DA:64,3
DA:67,1
LF:39
LH:39
BRDA:15,0,0,2
BRDA:15,0,1,7
BRDA:15,1,0,9
BRDA:15,1,1,7
BRDA:15,1,2,7
BRDA:31,2,0,1
BRDA:31,2,1,6
BRF:7
BRH:7
end_of_record
