TN:
SF:src\app.js
FN:4,(anonymous_0)
FN:11,(anonymous_1)
FN:15,(anonymous_2)
FNF:3
FNH:3
FNDA:1,(anonymous_0)
FNDA:1,(anonymous_1)
FNDA:1,(anonymous_2)
DA:1,1
DA:5,1
DA:7,1
DA:8,1
DA:12,1
DA:16,1
DA:20,1
LF:7
LH:7
BRF:0
BRH:0
end_of_record
TN:
SF:src\index.js
FN:6,(anonymous_0)
FNF:1
FNH:0
FNDA:0,(anonymous_0)
DA:1,0
DA:2,0
DA:4,0
DA:6,0
DA:7,0
LF:5
LH:0
BRF:0
BRH:0
end_of_record
TN:
SF:src\routes.js
FNF:0
FNH:0
DA:1,1
DA:2,1
DA:4,1
DA:6,1
LF:4
LH:4
BRF:0
BRH:0
end_of_record
TN:
SF:src\Authenticator\barCodeAuthenticator.js
FN:2,(anonymous_0)
FNF:1
FNH:1
FNDA:24,(anonymous_0)
DA:1,1
DA:4,24
DA:7,6
DA:10,18
DA:11,6
DA:14,12
DA:15,3
DA:17,9
LF:8
LH:8
BRDA:4,0,0,6
BRDA:4,0,1,18
BRDA:4,1,0,24
BRDA:4,1,1,21
BRDA:4,1,2,18
BRDA:4,1,3,8
BRDA:4,1,4,18
BRDA:4,1,5,0
BRDA:10,2,0,6
BRDA:10,2,1,12
BRDA:14,3,0,3
BRDA:14,3,1,9
BRDA:14,4,0,12
BRDA:14,4,1,7
BRF:14
BRH:13
end_of_record
TN:
SF:src\Authenticator\titleBarCodeAuthenticator.js
FN:2,(anonymous_0)
FN:5,(anonymous_1)
FN:14,(anonymous_2)
FN:23,(anonymous_3)
FN:37,(anonymous_4)
FN:46,(anonymous_5)
FNF:6
FNH:6
FNDA:49,(anonymous_0)
FNDA:515,(anonymous_1)
FNDA:5,(anonymous_2)
FNDA:215,(anonymous_3)
FNDA:6,(anonymous_4)
FNDA:258,(anonymous_5)
DA:1,1
DA:4,49
DA:5,49
DA:6,515
DA:7,515
DA:8,515
DA:9,515
DA:12,49
DA:16,5
DA:17,5
DA:18,5
DA:20,5
DA:22,5
DA:23,5
DA:24,215
DA:25,215
DA:26,215
DA:29,5
DA:30,5
DA:32,5
DA:33,0
DA:35,5
DA:39,6
DA:40,6
DA:41,6
DA:43,6
DA:45,6
DA:46,6
DA:47,258
DA:48,258
DA:49,258
DA:52,6
DA:55,6
DA:56,2
DA:57,4
DA:58,0
DA:60,4
DA:63,6
LF:38
LH:36
BRDA:8,0,0,75
BRDA:8,0,1,440
BRDA:25,1,0,25
BRDA:25,1,1,190
BRDA:32,2,0,0
BRDA:32,2,1,5
BRDA:32,3,0,5
BRDA:32,3,1,5
BRDA:32,3,2,5
BRDA:48,4,0,30
BRDA:48,4,1,228
BRDA:55,5,0,2
BRDA:55,5,1,4
BRDA:55,6,0,6
BRDA:55,6,1,6
BRDA:57,7,0,0
BRDA:57,7,1,4
BRF:17
BRH:15
end_of_record
TN:
SF:src\controller\ticketController.js
FN:6,(anonymous_0)
FNF:1
FNH:1
FNDA:12,(anonymous_0)
DA:1,1
DA:2,1
DA:3,1
DA:5,1
DA:8,12
DA:11,12
DA:15,12
DA:20,12
DA:22,5
DA:30,7
DA:31,5
DA:33,2
DA:36,7
LF:13
LH:13
BRDA:11,0,0,5
BRDA:11,0,1,7
BRDA:20,1,0,5
BRDA:20,1,1,7
BRDA:20,2,0,12
BRDA:20,2,1,7
BRDA:22,3,0,2
BRDA:22,3,1,3
BRDA:30,4,0,5
BRDA:30,4,1,2
BRF:10
BRH:10
end_of_record
TN:
SF:src\service\dealershipTicketService.js
FN:3,(anonymous_0)
FN:31,(anonymous_1)
FN:41,(anonymous_2)
FN:56,(anonymous_3)
FNF:4
FNH:4
FNDA:10,(anonymous_0)
FNDA:3,(anonymous_1)
FNDA:3,(anonymous_2)
FNDA:3,(anonymous_3)
DA:1,1
DA:3,1
DA:5,10
DA:6,10
DA:8,10
DA:9,10
DA:11,10
DA:12,10
DA:14,10
DA:15,10
DA:17,10
DA:21,4
DA:24,6
DA:25,6
DA:27,6
DA:31,1
DA:32,3
DA:33,3
DA:35,3
DA:37,3
DA:41,1
DA:43,3
DA:44,3
DA:46,3
DA:47,3
DA:49,1
DA:50,1
DA:52,1
DA:56,1
DA:58,3
DA:60,3
DA:61,3
DA:62,3
DA:65,3
DA:66,1
DA:67,1
DA:68,1
DA:70,2
DA:71,2
DA:74,3
DA:77,1
LF:41
LH:41
BRDA:17,0,0,4
BRDA:17,0,1,6
BRDA:17,1,0,10
BRDA:17,1,1,8
BRDA:17,1,2,7
BRDA:17,1,3,7
BRDA:47,2,0,2
BRDA:47,2,1,1
BRDA:65,3,0,1
BRDA:65,3,1,2
BRF:10
BRH:10
end_of_record
TN:
SF:src\service\titleTicketService.js
FN:4,(anonymous_0)
FN:38,(anonymous_1)
FN:47,(anonymous_2)
FN:56,(anonymous_3)
FNF:4
FNH:4
FNDA:7,(anonymous_0)
FNDA:2,(anonymous_1)
FNDA:2,(anonymous_2)
FNDA:2,(anonymous_3)
DA:1,1
DA:2,1
DA:4,1
DA:6,7
DA:7,7
DA:9,7
DA:10,7
DA:12,7
DA:13,7
DA:15,7
DA:18,2
DA:21,5
DA:22,5
DA:23,5
DA:24,5
DA:25,5
DA:26,5
DA:27,5
DA:29,5
DA:31,5
DA:32,1
DA:34,4
DA:38,1
DA:39,2
DA:40,2
DA:41,2
DA:43,2
DA:47,1
DA:48,2
DA:49,2
DA:50,2
DA:52,2
DA:56,1
DA:58,2
DA:60,2
DA:61,2
DA:62,2
DA:64,2
DA:67,1
LF:39
LH:39
BRDA:15,0,0,2
BRDA:15,0,1,5
BRDA:15,1,0,7
BRDA:15,1,1,5
BRDA:15,1,2,5
BRDA:31,2,0,1
BRDA:31,2,1,4
BRF:7
BRH:7
end_of_record
